<?xml version="1.0" encoding="UTF-8"?>
<testng-results skipped="0" failed="1" ignored="0" total="6" passed="5">
  <reporter-output>
  </reporter-output>
  <suite name="Suite1" duration-ms="60933" started-at="2018-11-18T17:35:54Z" finished-at="2018-11-18T17:36:55Z">
    <groups>
    </groups>
    <test name="test1" duration-ms="60933" started-at="2018-11-18T17:35:54Z" finished-at="2018-11-18T17:36:55Z">
      <class name="com.selenium.test.OnboardingSchool">
        <test-method status="PASS" signature="setup()[pri:0, instance:com.selenium.test.OnboardingSchool@8276375]" name="setup" is-config="true" duration-ms="11663" started-at="2018-11-18T17:36:41Z" finished-at="2018-11-18T17:36:53Z">
          <reporter-output>
          </reporter-output>
        </test-method> <!-- setup -->
        <test-method status="PASS" signature="verifyToClickOnOnboardingSchool()[pri:1, instance:com.selenium.test.OnboardingSchool@8276375]" name="verifyToClickOnOnboardingSchool" duration-ms="1439" started-at="2018-11-18T17:36:53Z" finished-at="2018-11-18T17:36:54Z">
          <reporter-output>
          </reporter-output>
        </test-method> <!-- verifyToClickOnOnboardingSchool -->
        <test-method status="FAIL" signature="verifyClickingOfUploadXLSXFile()[pri:2, instance:com.selenium.test.OnboardingSchool@8276375]" name="verifyClickingOfUploadXLSXFile" duration-ms="189" started-at="2018-11-18T17:36:54Z" finished-at="2018-11-18T17:36:54Z">
          <exception class="java.lang.AssertionError">
            <message>
              <![CDATA[expected [] but found [Upload XLSX File]]]>
            </message>
            <full-stacktrace>
              <![CDATA[java.lang.AssertionError: expected [] but found [Upload XLSX File]
at org.testng.Assert.fail(Assert.java:96)
at org.testng.Assert.failNotEquals(Assert.java:776)
at org.testng.Assert.assertEqualsImpl(Assert.java:137)
at org.testng.Assert.assertEquals(Assert.java:118)
at org.testng.Assert.assertEquals(Assert.java:453)
at org.testng.Assert.assertEquals(Assert.java:463)
at com.selenium.test.OnboardingSchool.verifyClickingOfUploadXLSXFile(OnboardingSchool.java:84)
at sun.reflect.NativeMethodAccessorImpl.invoke0(Native Method)
at sun.reflect.NativeMethodAccessorImpl.invoke(NativeMethodAccessorImpl.java:62)
at sun.reflect.DelegatingMethodAccessorImpl.invoke(DelegatingMethodAccessorImpl.java:43)
at java.lang.reflect.Method.invoke(Method.java:498)
at org.testng.internal.MethodInvocationHelper.invokeMethod(MethodInvocationHelper.java:124)
at org.testng.internal.Invoker.invokeMethod(Invoker.java:583)
at org.testng.internal.Invoker.invokeTestMethod(Invoker.java:719)
at org.testng.internal.Invoker.invokeTestMethods(Invoker.java:989)
at org.testng.internal.TestMethodWorker.invokeTestMethods(TestMethodWorker.java:125)
at org.testng.internal.TestMethodWorker.run(TestMethodWorker.java:109)
at org.testng.TestRunner.privateRun(TestRunner.java:648)
at org.testng.TestRunner.run(TestRunner.java:505)
at org.testng.SuiteRunner.runTest(SuiteRunner.java:455)
at org.testng.SuiteRunner.runSequentially(SuiteRunner.java:450)
at org.testng.SuiteRunner.privateRun(SuiteRunner.java:415)
at org.testng.SuiteRunner.run(SuiteRunner.java:364)
at org.testng.SuiteRunnerWorker.runSuite(SuiteRunnerWorker.java:52)
at org.testng.SuiteRunnerWorker.run(SuiteRunnerWorker.java:84)
at org.testng.TestNG.runSuitesSequentially(TestNG.java:1208)
at org.testng.TestNG.runSuitesLocally(TestNG.java:1137)
at org.testng.TestNG.runSuites(TestNG.java:1049)
at org.testng.TestNG.run(TestNG.java:1017)
at org.gradle.api.internal.tasks.testing.testng.TestNGTestClassProcessor.runTests(TestNGTestClassProcessor.java:139)
at org.gradle.api.internal.tasks.testing.testng.TestNGTestClassProcessor.stop(TestNGTestClassProcessor.java:89)
at org.gradle.api.internal.tasks.testing.SuiteTestClassProcessor.stop(SuiteTestClassProcessor.java:61)
at sun.reflect.NativeMethodAccessorImpl.invoke0(Native Method)
at sun.reflect.NativeMethodAccessorImpl.invoke(NativeMethodAccessorImpl.java:62)
at sun.reflect.DelegatingMethodAccessorImpl.invoke(DelegatingMethodAccessorImpl.java:43)
at java.lang.reflect.Method.invoke(Method.java:498)
at org.gradle.internal.dispatch.ReflectionDispatch.dispatch(ReflectionDispatch.java:35)
at org.gradle.internal.dispatch.ReflectionDispatch.dispatch(ReflectionDispatch.java:24)
at org.gradle.internal.dispatch.ContextClassLoaderDispatch.dispatch(ContextClassLoaderDispatch.java:32)
at org.gradle.internal.dispatch.ProxyDispatchAdapter$DispatchingInvocationHandler.invoke(ProxyDispatchAdapter.java:93)
at com.sun.proxy.$Proxy1.stop(Unknown Source)
at org.gradle.api.internal.tasks.testing.worker.TestWorker.stop(TestWorker.java:123)
at sun.reflect.NativeMethodAccessorImpl.invoke0(Native Method)
at sun.reflect.NativeMethodAccessorImpl.invoke(NativeMethodAccessorImpl.java:62)
at sun.reflect.DelegatingMethodAccessorImpl.invoke(DelegatingMethodAccessorImpl.java:43)
at java.lang.reflect.Method.invoke(Method.java:498)
at org.gradle.internal.dispatch.ReflectionDispatch.dispatch(ReflectionDispatch.java:35)
at org.gradle.internal.dispatch.ReflectionDispatch.dispatch(ReflectionDispatch.java:24)
at org.gradle.internal.remote.internal.hub.MessageHubBackedObjectConnection$DispatchWrapper.dispatch(MessageHubBackedObjectConnection.java:155)
at org.gradle.internal.remote.internal.hub.MessageHubBackedObjectConnection$DispatchWrapper.dispatch(MessageHubBackedObjectConnection.java:137)
at org.gradle.internal.remote.internal.hub.MessageHub$Handler.run(MessageHub.java:404)
at org.gradle.internal.concurrent.ExecutorPolicy$CatchAndRecordFailures.onExecute(ExecutorPolicy.java:63)
at org.gradle.internal.concurrent.ManagedExecutorImpl$1.run(ManagedExecutorImpl.java:46)
at java.util.concurrent.ThreadPoolExecutor.runWorker(ThreadPoolExecutor.java:1149)
at java.util.concurrent.ThreadPoolExecutor$Worker.run(ThreadPoolExecutor.java:624)
at org.gradle.internal.concurrent.ThreadFactoryImpl$ManagedThreadRunnable.run(ThreadFactoryImpl.java:55)
at java.lang.Thread.run(Thread.java:748)
]]>
            </full-stacktrace>
          </exception> <!-- java.lang.AssertionError -->
          <reporter-output>
          </reporter-output>
        </test-method> <!-- verifyClickingOfUploadXLSXFile -->
        <test-method status="PASS" signature="tearDown()[pri:0, instance:com.selenium.test.OnboardingSchool@8276375]" name="tearDown" is-config="true" duration-ms="1" started-at="2018-11-18T17:36:55Z" finished-at="2018-11-18T17:36:55Z">
          <reporter-output>
          </reporter-output>
        </test-method> <!-- tearDown -->
      </class> <!-- com.selenium.test.OnboardingSchool -->
      <class name="com.selenium.test.Dashboard">
        <test-method status="PASS" signature="setup()[pri:0, instance:com.selenium.test.Dashboard@294f3401]" name="setup" is-config="true" duration-ms="11947" started-at="2018-11-18T17:36:28Z" finished-at="2018-11-18T17:36:40Z">
          <reporter-output>
          </reporter-output>
        </test-method> <!-- setup -->
        <test-method status="PASS" signature="Dashboard()[pri:0, instance:com.selenium.test.Dashboard@294f3401]" name="Dashboard" duration-ms="1288" started-at="2018-11-18T17:36:40Z" finished-at="2018-11-18T17:36:41Z">
          <reporter-output>
          </reporter-output>
        </test-method> <!-- Dashboard -->
        <test-method status="PASS" signature="tearDown()[pri:0, instance:com.selenium.test.Dashboard@294f3401]" name="tearDown" is-config="true" duration-ms="1" started-at="2018-11-18T17:36:41Z" finished-at="2018-11-18T17:36:41Z">
          <reporter-output>
          </reporter-output>
        </test-method> <!-- tearDown -->
      </class> <!-- com.selenium.test.Dashboard -->
      <class name="com.selenium.test.Logout">
        <test-method status="PASS" signature="setup()[pri:0, instance:com.selenium.test.Logout@1397ca9a]" name="setup" is-config="true" duration-ms="12763" started-at="2018-11-18T17:36:14Z" finished-at="2018-11-18T17:36:27Z">
          <reporter-output>
          </reporter-output>
        </test-method> <!-- setup -->
        <test-method status="PASS" signature="verifyLogoutSuccess()[pri:0, instance:com.selenium.test.Logout@1397ca9a]" name="verifyLogoutSuccess" duration-ms="1157" started-at="2018-11-18T17:36:27Z" finished-at="2018-11-18T17:36:28Z">
          <reporter-output>
          </reporter-output>
        </test-method> <!-- verifyLogoutSuccess -->
        <test-method status="PASS" signature="tearDown()[pri:0, instance:com.selenium.test.Logout@1397ca9a]" name="tearDown" is-config="true" duration-ms="1" started-at="2018-11-18T17:36:28Z" finished-at="2018-11-18T17:36:28Z">
          <reporter-output>
          </reporter-output>
        </test-method> <!-- tearDown -->
      </class> <!-- com.selenium.test.Logout -->
      <class name="com.selenium.test.Login">
        <test-method status="PASS" signature="setup()[pri:0, instance:com.selenium.test.Login@3b666224]" name="setup" is-config="true" duration-ms="18527" started-at="2018-11-18T17:35:54Z" finished-at="2018-11-18T17:36:12Z">
          <reporter-output>
          </reporter-output>
        </test-method> <!-- setup -->
        <test-method status="PASS" signature="verfiyLoginFailure()[pri:0, instance:com.selenium.test.Login@3b666224]" name="verfiyLoginFailure" duration-ms="687" started-at="2018-11-18T17:36:12Z" finished-at="2018-11-18T17:36:13Z">
          <reporter-output>
          </reporter-output>
        </test-method> <!-- verfiyLoginFailure -->
        <test-method status="PASS" signature="verfiyLoginSuccess()[pri:0, instance:com.selenium.test.Login@3b666224]" name="verfiyLoginSuccess" duration-ms="764" started-at="2018-11-18T17:36:13Z" finished-at="2018-11-18T17:36:14Z">
          <reporter-output>
          </reporter-output>
        </test-method> <!-- verfiyLoginSuccess -->
        <test-method status="PASS" signature="tearDown()[pri:0, instance:com.selenium.test.Login@3b666224]" name="tearDown" is-config="true" duration-ms="1" started-at="2018-11-18T17:36:14Z" finished-at="2018-11-18T17:36:14Z">
          <reporter-output>
          </reporter-output>
        </test-method> <!-- tearDown -->
      </class> <!-- com.selenium.test.Login -->
    </test> <!-- test1 -->
  </suite> <!-- Suite1 -->
</testng-results>
